[2016-04-29 01:23:08] Executing startup tasks
[2016-04-29 01:23:08] Java(TM) SE Runtime Environment 1.8.0_91-b14
[2016-04-29 01:23:08] Product self.product.version
[2016-04-29 01:23:08] Bundle org.eclipse.oomph.setup 1.4.0.v20160324-0842, build=2285, branch=c995bcb5118c57bc3dc00b21c632d4f60a1a0c01, commit=c995bcb5118c57bc3dc00b21c632d4f60a1a0c01
[2016-04-29 01:23:08] Bundle org.eclipse.oomph.setup.core 1.4.0.v20160323-1057, build=2285, branch=c995bcb5118c57bc3dc00b21c632d4f60a1a0c01, commit=c995bcb5118c57bc3dc00b21c632d4f60a1a0c01
[2016-04-29 01:23:08] Bundle org.eclipse.oomph.setup.p2 1.4.0.v20160323-1057, build=2285, branch=c995bcb5118c57bc3dc00b21c632d4f60a1a0c01, commit=c995bcb5118c57bc3dc00b21c632d4f60a1a0c01
[2016-04-29 01:23:08] Performing Preference /instance/org.eclipse.jdt.ui/hoverModifierMasks = org.eclipse.jdt.ui.BestMatchHover;0;org.eclipse.jdt.internal.debug.ui.JavaDebugHover;0;org.eclipse.jdt.ui.ProblemHover;0;org.eclipse.jdt.ui.NLSStringHover;327680;org.eclipse.jdt.ui.JavadocHover;393216;org.eclipse.jdt.ui.AnnotationHover;0;org.eclipse.jdt.ui.JavaSourceHover;131072;
[2016-04-29 01:23:08] Performing Preference /instance/org.eclipse.jdt.ui/hoverModifiers = org.eclipse.jdt.ui.BestMatchHover;0;org.eclipse.jdt.internal.debug.ui.JavaDebugHover;!0;org.eclipse.jdt.ui.ProblemHover;!0;org.eclipse.jdt.ui.NLSStringHover;Ctrl+Alt;org.eclipse.jdt.ui.JavadocHover;Ctrl+Shift;org.eclipse.jdt.ui.AnnotationHover;!0;org.eclipse.jdt.ui.JavaSourceHover;Shift;
[2016-04-29 01:23:08] Performing Preference /instance/org.eclipse.jdt.ui/sourceHoverBackgroundColor = 255,255,225
[2016-04-29 01:23:08] Performing Preference /instance/org.eclipse.jdt.ui/sp_cleanup.add_default_serial_version_id = true
[2016-04-29 01:23:08] Performing Preference /instance/org.eclipse.jdt.ui/sp_cleanup.add_generated_serial_version_id = false
[2016-04-29 01:23:08] Performing Preference /instance/org.eclipse.jdt.ui/sp_cleanup.add_missing_annotations = true
[2016-04-29 01:23:08] Performing Preference /instance/org.eclipse.jdt.ui/sp_cleanup.add_missing_deprecated_annotations = true
[2016-04-29 01:23:08] Performing Preference /instance/org.eclipse.jdt.ui/sp_cleanup.add_missing_methods = false
[2016-04-29 01:23:08] Performing Preference /instance/org.eclipse.jdt.ui/sp_cleanup.add_missing_nls_tags = false
[2016-04-29 01:23:08] Performing Preference /instance/org.eclipse.jdt.ui/sp_cleanup.add_missing_override_annotations = true
[2016-04-29 01:23:08] Performing Preference /instance/org.eclipse.jdt.ui/sp_cleanup.add_missing_override_annotations_interface_methods = true
[2016-04-29 01:23:08] Performing Preference /instance/org.eclipse.jdt.ui/sp_cleanup.add_serial_version_id = false
[2016-04-29 01:23:08] Performing Preference /instance/org.eclipse.jdt.ui/sp_cleanup.always_use_blocks = true
[2016-04-29 01:23:08] Performing Preference /instance/org.eclipse.jdt.ui/sp_cleanup.always_use_parentheses_in_expressions = false
[2016-04-29 01:23:08] Performing Preference /instance/org.eclipse.jdt.ui/sp_cleanup.always_use_this_for_non_static_field_access = false
[2016-04-29 01:23:08] Performing Preference /instance/org.eclipse.jdt.ui/sp_cleanup.always_use_this_for_non_static_method_access = false
[2016-04-29 01:23:08] Performing Preference /instance/org.eclipse.jdt.ui/sp_cleanup.convert_functional_interfaces = false
[2016-04-29 01:23:08] Performing Preference /instance/org.eclipse.jdt.ui/sp_cleanup.convert_to_enhanced_for_loop = false
[2016-04-29 01:23:08] Performing Preference /instance/org.eclipse.jdt.ui/sp_cleanup.correct_indentation = false
[2016-04-29 01:23:08] Performing Preference /instance/org.eclipse.jdt.ui/sp_cleanup.format_source_code = false
[2016-04-29 01:23:08] Performing Preference /instance/org.eclipse.jdt.ui/sp_cleanup.format_source_code_changes_only = false
[2016-04-29 01:23:08] Performing Preference /instance/org.eclipse.jdt.ui/sp_cleanup.insert_inferred_type_arguments = false
[2016-04-29 01:23:08] Performing Preference /instance/org.eclipse.jdt.ui/sp_cleanup.make_local_variable_final = true
[2016-04-29 01:23:08] Performing Preference /instance/org.eclipse.jdt.ui/sp_cleanup.make_parameters_final = false
[2016-04-29 01:23:08] Performing Preference /instance/org.eclipse.jdt.ui/sp_cleanup.make_private_fields_final = true
[2016-04-29 01:23:08] Performing Preference /instance/org.eclipse.jdt.ui/sp_cleanup.make_type_abstract_if_missing_method = false
[2016-04-29 01:23:08] Performing Preference /instance/org.eclipse.jdt.ui/sp_cleanup.make_variable_declarations_final = false
[2016-04-29 01:23:08] Performing Preference /instance/org.eclipse.jdt.ui/sp_cleanup.never_use_blocks = false
[2016-04-29 01:23:08] Performing Preference /instance/org.eclipse.jdt.ui/sp_cleanup.never_use_parentheses_in_expressions = true
[2016-04-29 01:23:08] Performing Preference /instance/org.eclipse.jdt.ui/sp_cleanup.on_save_use_additional_actions = false
[2016-04-29 01:23:08] Performing Preference /instance/org.eclipse.jdt.ui/sp_cleanup.organize_imports = true
[2016-04-29 01:23:08] Performing Preference /instance/org.eclipse.jdt.ui/sp_cleanup.qualify_static_field_accesses_with_declaring_class = false
[2016-04-29 01:23:08] Performing Preference /instance/org.eclipse.jdt.ui/sp_cleanup.qualify_static_member_accesses_through_instances_with_declaring_class = true
[2016-04-29 01:23:08] Performing Preference /instance/org.eclipse.jdt.ui/sp_cleanup.qualify_static_member_accesses_through_subtypes_with_declaring_class = true
[2016-04-29 01:23:08] Performing Preference /instance/org.eclipse.jdt.ui/sp_cleanup.qualify_static_member_accesses_with_declaring_class = false
[2016-04-29 01:23:08] Performing Preference /instance/org.eclipse.jdt.ui/sp_cleanup.qualify_static_method_accesses_with_declaring_class = false
[2016-04-29 01:23:08] Performing Preference /instance/org.eclipse.jdt.ui/sp_cleanup.remove_private_constructors = true
[2016-04-29 01:23:08] Performing Preference /instance/org.eclipse.jdt.ui/sp_cleanup.remove_redundant_type_arguments = false
[2016-04-29 01:23:08] Performing Preference /instance/org.eclipse.jdt.ui/sp_cleanup.remove_trailing_whitespaces = false
[2016-04-29 01:23:08] Performing Preference /instance/org.eclipse.jdt.ui/sp_cleanup.remove_trailing_whitespaces_all = true
[2016-04-29 01:23:08] Performing Preference /instance/org.eclipse.jdt.ui/sp_cleanup.remove_trailing_whitespaces_ignore_empty = false
[2016-04-29 01:23:08] Performing Preference /instance/org.eclipse.jdt.ui/sp_cleanup.remove_unnecessary_casts = true
[2016-04-29 01:23:08] Performing Preference /instance/org.eclipse.jdt.ui/sp_cleanup.remove_unnecessary_nls_tags = false
[2016-04-29 01:23:08] Performing Preference /instance/org.eclipse.jdt.ui/sp_cleanup.remove_unused_imports = false
[2016-04-29 01:23:08] Performing Preference /instance/org.eclipse.jdt.ui/sp_cleanup.remove_unused_local_variables = false
[2016-04-29 01:23:08] Performing Preference /instance/org.eclipse.jdt.ui/sp_cleanup.remove_unused_private_fields = true
[2016-04-29 01:23:08] Performing Preference /instance/org.eclipse.jdt.ui/sp_cleanup.remove_unused_private_members = false
[2016-04-29 01:23:08] Performing Preference /instance/org.eclipse.jdt.ui/sp_cleanup.remove_unused_private_methods = true
[2016-04-29 01:23:08] Performing Preference /instance/org.eclipse.jdt.ui/sp_cleanup.remove_unused_private_types = true
[2016-04-29 01:23:08] Performing Preference /instance/org.eclipse.jdt.ui/sp_cleanup.sort_members = false
[2016-04-29 01:23:08] Performing Preference /instance/org.eclipse.jdt.ui/sp_cleanup.sort_members_all = false
[2016-04-29 01:23:08] Performing Preference /instance/org.eclipse.jdt.ui/sp_cleanup.use_anonymous_class_creation = false
[2016-04-29 01:23:09] Performing Preference /instance/org.eclipse.jdt.ui/sp_cleanup.use_blocks = false
[2016-04-29 01:23:09] Performing Preference /instance/org.eclipse.jdt.ui/sp_cleanup.use_blocks_only_for_return_and_throw = false
[2016-04-29 01:23:09] Performing Preference /instance/org.eclipse.jdt.ui/sp_cleanup.use_lambda = true
[2016-04-29 01:23:09] Performing Preference /instance/org.eclipse.jdt.ui/sp_cleanup.use_parentheses_in_expressions = false
[2016-04-29 01:23:09] Performing Preference /instance/org.eclipse.jdt.ui/sp_cleanup.use_this_for_non_static_field_access = false
[2016-04-29 01:23:09] Performing Preference /instance/org.eclipse.jdt.ui/sp_cleanup.use_this_for_non_static_field_access_only_if_necessary = true
[2016-04-29 01:23:09] Performing Preference /instance/org.eclipse.jdt.ui/sp_cleanup.use_this_for_non_static_method_access = false
[2016-04-29 01:23:09] Performing Preference /instance/org.eclipse.jdt.ui/sp_cleanup.use_this_for_non_static_method_access_only_if_necessary = true
[2016-04-29 01:23:09] Performing Preference /instance/org.eclipse.ui.editors/lineNumberRuler = true
[2016-04-29 01:23:09] Performing Preference /instance/org.eclipse.ui.workbench/org.eclipse.ui.commands = <?xml version="1.0" encoding="UTF-8"?>...
[2016-04-29 01:23:09] <?xml version="1.0" encoding="UTF-8"?>
<org.eclipse.ui.commands>
<keyBinding contextId="org.eclipse.ui.contexts.window" keyConfigurationId="org.eclipse.ui.defaultAcceleratorConfiguration" keySequence="ALT+CTRL+B"/>
<keyBinding contextId="org.eclipse.ui.contexts.window" keyConfigurationId="org.eclipse.ui.defaultAcceleratorConfiguration" keySequence="ALT+CTRL+B"/>
</org.eclipse.ui.commands>
[2016-04-29 01:23:09] 
